-----------------------------------------------------------------------------------------------
      name:  <unnamed>
       log:  /Users/andrewjohnston/coding_projects/complete_reproduction_folder/do_files/../res
> ults/model_3b_replication.log
  log type:  text
 opened on:  21 Dec 2024, 19:40:28

. 
. xttobit prop_emnes_excl_former_col_power c1_voice_and_acc c2_pol_stability c3_gov_effectivene
> ss c4_reg_quality c5_rule_of_law c6_control_of_corruption gni_per_capita perc_roads_paved tot
> al_phones_per_1000 geographic_proximity, ll(0) ul(100) re

Fitting comparison model:

Fitting constant-only model:

Iteration 0:  Log likelihood = -160.80569  
Iteration 1:  Log likelihood = -147.28782  
Iteration 2:  Log likelihood = -145.82096  
Iteration 3:  Log likelihood = -145.80894  
Iteration 4:  Log likelihood = -145.80894  

Fitting full model:

Iteration 0:  Log likelihood = -149.29428  
Iteration 1:  Log likelihood = -137.07017  
Iteration 2:  Log likelihood = -136.57091  
Iteration 3:  Log likelihood = -136.56971  
Iteration 4:  Log likelihood = -136.56971  

Obtaining starting values for full model:

Iteration 0:  Log likelihood = -233.21301
Iteration 1:  Log likelihood = -232.94747
Iteration 2:  Log likelihood = -232.94616
Iteration 3:  Log likelihood = -232.94616

Fitting full model:

Iteration 0:  Log likelihood = -135.17194  (not concave)
Iteration 1:  Log likelihood = -128.83374  (not concave)
Iteration 2:  Log likelihood = -118.58691  (not concave)
Iteration 3:  Log likelihood = -117.94714  (not concave)
Iteration 4:  Log likelihood = -115.33266  (not concave)
Iteration 5:  Log likelihood = -115.25347  (not concave)
Iteration 6:  Log likelihood = -115.19382  (not concave)
Iteration 7:  Log likelihood = -115.00965  (not concave)
Iteration 8:  Log likelihood = -115.00946  (not concave)
Iteration 9:  Log likelihood = -115.00936  (not concave)
Iteration 10: Log likelihood =  -114.9349  (not concave)
Iteration 11: Log likelihood = -114.84653  (not concave)
Iteration 12: Log likelihood = -114.79877  
Iteration 13: Log likelihood = -114.44845  
Iteration 14: Log likelihood =  -114.3954  
Iteration 15: Log likelihood = -114.38129  
Iteration 16: Log likelihood = -114.38126  
Iteration 17: Log likelihood = -114.38126  

Random-effects tobit regression                     Number of obs     =     54
                                                           Uncensored =     23
Limits: Lower =   0                                     Left-censored =     28
        Upper = 100                                    Right-censored =      3

Group variable: country_id                          Number of groups  =     28
Random effects u_i ~ Gaussian                       Obs per group:
                                                                  min =      1
                                                                  avg =    1.9
                                                                  max =      2

Integration method: mvaghermite                     Integration pts.  =     12

                                                    Wald chi2(10)     =  56.56
Log likelihood = -114.38126                         Prob > chi2       = 0.0000

----------------------------------------------------------------------------------------------
prop_emnes_excl_former_col~r | Coefficient  Std. err.      z    P>|z|     [95% conf. interval]
-----------------------------+----------------------------------------------------------------
            c1_voice_and_acc |  -8.368025   8.699695    -0.96   0.336    -25.41911    8.683064
            c2_pol_stability |  -10.46347   6.048765    -1.73   0.084    -22.31883    1.391893
        c3_gov_effectiveness |   6.674333   5.904515     1.13   0.258    -4.898303    18.24697
              c4_reg_quality |   18.36782   8.693356     2.11   0.035     1.329157    35.40649
              c5_rule_of_law |    20.5624   12.70331     1.62   0.106    -4.335636    45.46044
    c6_control_of_corruption |  -18.65566   9.504909    -1.96   0.050    -37.28494   -.0263855
              gni_per_capita |   .0369102   .0565841     0.65   0.514    -.0739927     .147813
            perc_roads_paved |  -.2306244   .7837037    -0.29   0.769    -1.766655    1.305407
       total_phones_per_1000 |   .4007224   .2274058     1.76   0.078    -.0449847    .8464295
        geographic_proximity |   58.15408    21.9139     2.65   0.008     15.20363    101.1045
                       _cons |  -27.23414   21.08556    -1.29   0.196    -68.56107     14.0928
-----------------------------+----------------------------------------------------------------
                    /sigma_u |    40.2425   6.687204     6.02   0.000     27.13582    53.34918
                    /sigma_e |   5.936465   1.202602     4.94   0.000     3.579409    8.293521
-----------------------------+----------------------------------------------------------------
                         rho |   .9787021   .0108132                       .946588    .9927105
----------------------------------------------------------------------------------------------
LR test of sigma_u=0: chibar2(01) = 44.38              Prob >= chibar2 = 0.000


. 
. * Store the results of the random effects model
. estimates store re_model

. 
. log close
      name:  <unnamed>
       log:  /Users/andrewjohnston/coding_projects/complete_reproduction_folder/do_files/../res
> ults/model_3b_replication.log
  log type:  text
 closed on:  21 Dec 2024, 19:40:28
-----------------------------------------------------------------------------------------------
-----------------------------------------------------------------------------------------------
      name:  <unnamed>
       log:  /Users/andrewjohnston/coding_projects/complete_reproduction_folder/do_files/../res
> ults/model_3b_replication.log
  log type:  text
 opened on:  21 Dec 2024, 19:40:28

. 
. tobit prop_emnes_excl_former_col_power c1_voice_and_acc c2_pol_stability c3_gov_effectiveness
>  c4_reg_quality c5_rule_of_law c6_control_of_corruption gni_per_capita perc_roads_paved total
> _phones_per_1000 geographic_proximity, ll(0) ul(100)

Refining starting values:

Grid node 0:  Log likelihood = -153.28614

Fitting full model:

Iteration 0:  Log likelihood = -153.28614  
Iteration 1:  Log likelihood = -139.98437  
Iteration 2:  Log likelihood = -137.10322  
Iteration 3:  Log likelihood = -136.57936  
Iteration 4:  Log likelihood = -136.56973  
Iteration 5:  Log likelihood = -136.56971  
Iteration 6:  Log likelihood = -136.56971  

Tobit regression                                    Number of obs     =     54
                                                           Uncensored =     23
Limits: Lower =   0                                     Left-censored =     28
        Upper = 100                                    Right-censored =      3

                                                    LR chi2(10)       =  18.48
                                                    Prob > chi2       = 0.0474
Log likelihood = -136.56971                         Pseudo R2         = 0.0634

----------------------------------------------------------------------------------------------
prop_emnes_excl_former_col~r | Coefficient  Std. err.      t    P>|t|     [95% conf. interval]
-----------------------------+----------------------------------------------------------------
            c1_voice_and_acc |  -9.296435   15.94644    -0.58   0.563    -41.43438    22.84151
            c2_pol_stability |  -9.786749   12.00828    -0.81   0.419    -33.98785    14.41435
        c3_gov_effectiveness |   35.21175   21.16009     1.66   0.103    -7.433598     77.8571
              c4_reg_quality |   17.89429   21.09349     0.85   0.401    -24.61684    60.40543
              c5_rule_of_law |   6.275607   32.62953     0.19   0.848    -59.48488     72.0361
    c6_control_of_corruption |   -31.8905   27.42218    -1.16   0.251    -87.15627    23.37527
              gni_per_capita |   .0399721   .0547037     0.73   0.469     -.070276    .1502202
            perc_roads_paved |   .0301011   .8182873     0.04   0.971    -1.619049    1.679251
       total_phones_per_1000 |  -.1994834    .368169    -0.54   0.591    -.9414794    .5425125
        geographic_proximity |   40.86251   21.51452     1.90   0.064    -2.497147    84.22217
                       _cons |  -17.15982   26.92404    -0.64   0.527    -71.42165    37.10201
-----------------------------+----------------------------------------------------------------
var(e.prop_emnes_excl_form~r)|   1633.281   544.4773                      834.2181    3197.733
----------------------------------------------------------------------------------------------

. 
. * Store the results of the pooled Tobit model for later comparison
. estimates store pooled_model

. 
. log close
      name:  <unnamed>
       log:  /Users/andrewjohnston/coding_projects/complete_reproduction_folder/do_files/../res
> ults/model_3b_replication.log
  log type:  text
 closed on:  21 Dec 2024, 19:40:28
-----------------------------------------------------------------------------------------------
-----------------------------------------------------------------------------------------------
      name:  <unnamed>
       log:  /Users/andrewjohnston/coding_projects/complete_reproduction_folder/do_files/../res
> ults/model_3b_replication.log
  log type:  text
 opened on:  21 Dec 2024, 19:40:28

. 
. summarize prop_emnes_excl_former_col_power c1_voice_and_acc c2_pol_stability c3_gov_effective
> ness c4_reg_quality c5_rule_of_law c6_control_of_corruption gni_per_capita perc_roads_paved t
> otal_phones_per_1000 geographic_proximity 

    Variable |        Obs        Mean    Std. dev.       Min        Max
-------------+---------------------------------------------------------
prop_emnes~r |         54    16.42776    26.01345          0        100
c1_voice_a~c |         64   -.6409375    .6038178      -1.75        .61
c2_pol_sta~y |         64   -.6548437    .8392154      -2.38       1.07
c3_gov_eff~s |         64   -.6017188    .5321641      -1.75        .25
c4_reg_qua~y |         64   -.4598437    .5850614      -2.35        .43
-------------+---------------------------------------------------------
c5_rule_of~w |         64   -.7315625    .3840851      -1.79       -.08
c6_control~n |         64   -.6585937    .3406337      -1.43        .17
gni_per_ca~a |         64    290.3125    136.2883        100        710
perc_roads~d |         64    16.21563    10.65616         .8       44.5
total_p~1000 |         64    26.65625    25.63803          3        104
-------------+---------------------------------------------------------
geographic~y |         64     .109375    .3145764          0          1

. 
. pwcorr prop_emnes_excl_former_col_power c1_voice_and_acc c2_pol_stability c3_gov_effectivenes
> s c4_reg_quality c5_rule_of_law c6_control_of_corruption gni_per_capita perc_roads_paved tota
> l_phones_per_1000 geographic_proximity, star(0.05)

             | prop_e~r c1_voi~c c2_pol~y c3_gov~s c4_reg~y c5_rul~w c6_con~n
-------------+---------------------------------------------------------------
prop_emnes~r |   1.0000 
c1_voice_a~c |   0.0527   1.0000 
c2_pol_sta~y |   0.0144   0.5744*  1.0000 
c3_gov_eff~s |   0.2843*  0.4154*  0.4908*  1.0000 
c4_reg_qua~y |   0.2847*  0.5897*  0.4863*  0.6565*  1.0000 
c5_rule_of~w |   0.1782   0.4604*  0.5572*  0.6684*  0.7682*  1.0000 
c6_control~n |  -0.0651   0.2762*  0.4504*  0.5725*  0.4315*  0.5580*  1.0000 
gni_per_ca~a |  -0.0428   0.0596  -0.0795   0.0290   0.0582   0.0039  -0.0011 
perc_roads~d |  -0.1630  -0.0985   0.2149   0.0605   0.0142   0.1043   0.1779 
total_p~1000 |   0.0673  -0.0090   0.2724*  0.3628*  0.1985   0.3922*  0.3316*
geographic~y |   0.4666*  0.1117   0.0664   0.2353   0.3000*  0.2156  -0.1140 

             | gni_pe~a perc_r~d tot~1000 geogra~y
-------------+------------------------------------
gni_per_ca~a |   1.0000 
perc_roads~d |   0.2465*  1.0000 
total_p~1000 |   0.3507*  0.4162*  1.0000 
geographic~y |  -0.1082  -0.2037   0.0776   1.0000 

. 
. log close
      name:  <unnamed>
       log:  /Users/andrewjohnston/coding_projects/complete_reproduction_folder/do_files/../res
> ults/model_3b_replication.log
  log type:  text
 closed on:  21 Dec 2024, 19:40:28
-----------------------------------------------------------------------------------------------
